<!DOCTYPE HTML PUBLIC "-//W3C//DTD HTML 4.01 Transitional//EN" "http://www.w3.org/TR/html4/loose.dtd">
<HTML
><HEAD
><TITLE
>Использование EXPLAIN</TITLE
><META
NAME="GENERATOR"
CONTENT="Modular DocBook HTML Stylesheet Version 1.79"><LINK
REV="MADE"
HREF="mailto:pgsql-docs@postgresql.org"><LINK
REL="HOME"
TITLE="Документация по PostgreSQL 9.4.1"
HREF="index.html"><LINK
REL="UP"
TITLE="Оптимизация производительности"
HREF="performance-tips.html"><LINK
REL="PREVIOUS"
TITLE="Оптимизация производительности"
HREF="performance-tips.html"><LINK
REL="NEXT"
TITLE="Статистика, используемая планировщиком"
HREF="planner-stats.html"><LINK
REL="STYLESHEET"
TYPE="text/css"
HREF="stylesheet.css"><META
HTTP-EQUIV="Content-Type"
CONTENT="text/html; charset=UTF-8"><META
NAME="creation"
CONTENT="2016-04-12T07:56:57"></HEAD
><BODY
CLASS="SECT1"
><DIV
CLASS="NAVHEADER"
><TABLE
SUMMARY="Header navigation table"
WIDTH="100%"
BORDER="0"
CELLPADDING="0"
CELLSPACING="0"
><TR
><TH
COLSPAN="4"
ALIGN="center"
VALIGN="bottom"
><A
HREF="index.html"
>Документация по PostgreSQL 9.4.1</A
></TH
></TR
><TR
><TD
WIDTH="10%"
ALIGN="left"
VALIGN="top"
><A
TITLE="Оптимизация производительности"
HREF="performance-tips.html"
ACCESSKEY="P"
>Пред.</A
></TD
><TD
WIDTH="10%"
ALIGN="left"
VALIGN="top"
><A
HREF="performance-tips.html"
ACCESSKEY="U"
>Уровень выше</A
></TD
><TD
WIDTH="60%"
ALIGN="center"
VALIGN="bottom"
>Глава 14. Оптимизация производительности</TD
><TD
WIDTH="20%"
ALIGN="right"
VALIGN="top"
><A
TITLE="Статистика, используемая планировщиком"
HREF="planner-stats.html"
ACCESSKEY="N"
>След.</A
></TD
></TR
></TABLE
><HR
ALIGN="LEFT"
WIDTH="100%"></DIV
><DIV
CLASS="SECT1"
><H1
CLASS="SECT1"
><A
NAME="USING-EXPLAIN"
>14.1. Использование <TT
CLASS="COMMAND"
>EXPLAIN</TT
></A
></H1
><P
>Выполняя любой полученный запрос, <SPAN
CLASS="PRODUCTNAME"
>PostgreSQL</SPAN
> разрабатывает для него <I
CLASS="FIRSTTERM"
>план запроса</I
>. Выбор правильного плана, соответствующего структуре запроса и характеристикам данным, крайне важен для хорошей производительности, поэтому в системе работает сложный <I
CLASS="FIRSTTERM"
>планировщик</I
>, задача которого &mdash; подобрать хороший план. Узнать, какой план был выбран для какого-либо запроса, можно с помощью команды <A
HREF="sql-explain.html"
>EXPLAIN</A
>. Понимание плана &mdash; это искусство, и чтобы овладеть им, нужен определённый опыт, но этот раздел расскажет о самых простых вещах.</P
><P
>Приведённые ниже примеры показаны на тестовой базе данных, которая создаётся для выявления регрессий в исходных кодах <SPAN
CLASS="PRODUCTNAME"
>PostgreSQL</SPAN
> текущей версии. Для неё предварительно выполняется <TT
CLASS="COMMAND"
>VACUUM ANALYZE</TT
>. Вы должны получить похожие результаты, если возьмёте ту же базу данных и проделаете следующие действия, но примерная стоимость и ожидаемое число строк у вас может немного отличаться из-за того, что статистика команды <TT
CLASS="COMMAND"
>ANALYZE</TT
> рассчитывается по случайной выборке, а оценки стоимости зависят от конкретной платформы.</P
><P
>В этих примерах используется текстовый формат вывода <TT
CLASS="COMMAND"
>EXPLAIN</TT
>, принятый по умолчанию, как более компактный и удобный для восприятия человеком. Если вывод <TT
CLASS="COMMAND"
>EXPLAIN</TT
> нужно передать какой-либо программе для дальнейшего анализа, лучше использовать один из машинно-ориентированных форматов (XML, JSON или YAML).</P
><DIV
CLASS="SECT2"
><H2
CLASS="SECT2"
><A
NAME="USING-EXPLAIN-BASICS"
>14.1.1. Азы <TT
CLASS="COMMAND"
>EXPLAIN</TT
></A
></H2
><P
>Структура плана запроса представляет собой дерево <I
CLASS="FIRSTTERM"
>узлов плана</I
>. Узлы на нижнем уровне дерева &mdash; это узлы сканирования, которые возвращают необработанные данные таблицы. Разным типам доступа к таблице соответствуют разные узлы: последовательное сканирование, сканирование индекса и сканирование битовой карты. Источниками строк могут быть не только таблицы, но и например, предложения <TT
CLASS="LITERAL"
>VALUES</TT
> и функции, возвращающие множества во <TT
CLASS="LITERAL"
>FROM</TT
>, и они представляются отдельными типами узлов сканирования. Если запрос требует объединения, агрегатных вычислений, сортировки или других операций с исходными строками, над узлами сканирования появляются узлы, обозначающие эти операции. И так как обычно операции могут выполняться разными способами, на этом уровне тоже могут быть узлы разных типов. В выводе команды <TT
CLASS="COMMAND"
>EXPLAIN</TT
> для каждого узла в дереве плана отводится одна строка, где показывается базовый тип узла плюс оценка стоимости выполнения данного узла, которую сделал для него планировщик. Если для узла выводятся дополнительные свойства, в вывод могут добавляться дополнительные строки, с отступом от основной информации узла. В самой первой строке (основной строке самого верхнего узла) выводится общая стоимость выполнения для всего плана; именно это значение планировщик старается минимизировать.</P
><P
>Взгляните на следующий простейший пример, просто иллюстрирующий формат вывода: </P><PRE
CLASS="SCREEN"
>EXPLAIN SELECT * FROM tenk1;

                         QUERY PLAN
-------------------------------------------------------------
 Seq Scan on tenk1  (cost=0.00..458.00 rows=10000 width=244)</PRE
><P></P
><P
>Этот запрос не содержит предложения <TT
CLASS="LITERAL"
>WHERE</TT
>, поэтому он должен просканировать все строки таблицы, так что планировщик выбрал план простого последовательного сканирования. Числа, перечисленные в скобках (слева направо), имеют следующий смысл: <P
></P
></P><UL
><LI
><P
>Приблизительная стоимость запуска. Это время, которое проходит, прежде чем начнётся этап вывода данных, например для сортирующего узла это время сортировки.</P
></LI
><LI
><P
>Приблизительная общая стоимость. Она вычисляется в предположении, что узел плана выполняется до конца, то есть возвращает все доступные строки. На практике родительский узел может досрочно прекратить чтение строк дочернего (см. приведённый ниже пример с <TT
CLASS="LITERAL"
>LIMIT</TT
>).</P
></LI
><LI
><P
>Ожидаемое число строк, которое должен вывести этот узел плана. При этом так же предполагается, что узел выполняется до конца.</P
></LI
><LI
><P
>Ожидаемый средний размер строк, выводимых этим узлом плана (в байтах).</P
></LI
></UL
><P></P
><P
>Стоимость может измеряться в произвольных единицах, определяемых параметрами планировщика (см. <A
HREF="runtime-config-query.html#RUNTIME-CONFIG-QUERY-CONSTANTS"
>Подраздел 18.7.2</A
>). Традиционно единицей стоимости считается операция чтения страницы с диска; то есть <A
HREF="runtime-config-query.html#GUC-SEQ-PAGE-COST"
>seq_page_cost</A
> обычно равен <TT
CLASS="LITERAL"
>1.0</TT
>, а другие параметры задаётся относительно него. Примеры в этом разделе выполняются со стандартными параметрами стоимости.</P
><P
>Важно понимать, что стоимость узла верхнего уровня включает стоимость всех его потомков. Также важно осознавать, что эта стоимость отражает только те факторы, которые учитывает планировщик. В частности, она не зависит от времени, необходимого для передачи результирующих строк клиенту, хотя оно может составлять значительную часть общего времени выполнения запроса. Тем не менее планировщик игнорирует эту величину, так как он всё равно не сможет изменить её, выбрав другой план. (Мы верим в то, что любой правильный план запроса выдаёт один и тот же набор строк.)</P
><P
>Значение <TT
CLASS="LITERAL"
>rows</TT
> здесь имеет особенность &mdash; оно выражает не число строк, обработанных или просканированных узлом плана, а число строк, выданных этим узлом. Часто оно окажется меньше числа просканированных строк в результате применённой к узлу фильтрации по условиям <TT
CLASS="LITERAL"
>WHERE</TT
>. В идеале, на верхнем уровне это значение будет приблизительно равно числу строк, которое фактически возвращает, изменяет или удаляет запрос.</P
><P
>Возвращаясь к нашему примеру: </P><PRE
CLASS="SCREEN"
>EXPLAIN SELECT * FROM tenk1;

                         QUERY PLAN
-------------------------------------------------------------
 Seq Scan on tenk1  (cost=0.00..458.00 rows=10000 width=244)</PRE
><P></P
><P
>Эти числа получаются очень просто. Выполните: </P><PRE
CLASS="PROGRAMLISTING"
>SELECT relpages, reltuples FROM pg_class WHERE relname = 'tenk1';</PRE
><P> и вы увидите, что <CODE
CLASS="CLASSNAME"
>tenk1</CODE
> содержит 358 страниц диска и 10000 строк. Общая стоимость вычисляется как (число_чтений_диска * <A
HREF="runtime-config-query.html#GUC-SEQ-PAGE-COST"
>seq_page_cost</A
>) + (число_просканированных_строк * <A
HREF="runtime-config-query.html#GUC-CPU-TUPLE-COST"
>cpu_tuple_cost</A
>). По умолчанию, <TT
CLASS="VARNAME"
>seq_page_cost</TT
> равно 1.0, а <TT
CLASS="VARNAME"
>cpu_tuple_cost</TT
> &mdash; 0.01, так что приблизительная стоимость запроса равна (358 * 1.0) + (10000 * 0.01) = 458.</P
><P
>Теперь давайте изменим запрос, добавив в него предложение <TT
CLASS="LITERAL"
>WHERE</TT
>: </P><PRE
CLASS="SCREEN"
>EXPLAIN SELECT * FROM tenk1 WHERE unique1 &lt; 7000;

                             QUERY PLAN
------------------------------------------------------------
 Seq Scan on tenk1  (cost=0.00..483.00 rows=7001 width=244)
   Filter: (unique1 &lt; 7000)</PRE
><P> Заметьте, что в выводе <TT
CLASS="COMMAND"
>EXPLAIN</TT
> показано, что условие <TT
CLASS="LITERAL"
>WHERE</TT
> применено как <SPAN
CLASS="QUOTE"
>"фильтр"</SPAN
> к узлу плана Seq Scan (Последовательное сканирование). Это означает, что узел плана проверяет это условие для каждого просканированного им узла и выводит только те строки, которые удовлетворяют ему. Предложение <TT
CLASS="LITERAL"
>WHERE</TT
> повлияло на оценку числа выходных строк. Однако при сканировании потребуется прочитать все 10000 строк, поэтому общая стоимость не уменьшилась. На деле она даже немного увеличилась (на 10000 * <A
HREF="runtime-config-query.html#GUC-CPU-OPERATOR-COST"
>cpu_operator_cost</A
>, если быть точными), отражая дополнительное время, которое потребуется процессору на проверку условия <TT
CLASS="LITERAL"
>WHERE</TT
>.</P
><P
>Фактическое число строк результата этого запроса будет равно 7000, но значение <TT
CLASS="LITERAL"
>rows</TT
> даёт только приблизительное значение. Если вы попытаетесь повторить этот эксперимент, вы можете получить немного другую оценку; более того, она может меняться после каждой команды <TT
CLASS="COMMAND"
>ANALYZE</TT
>, так как <TT
CLASS="COMMAND"
>ANALYZE</TT
> получает статистику по случайной выборке таблицы.</P
><P
>Теперь давайте сделаем ограничение более избирательным: </P><PRE
CLASS="SCREEN"
>EXPLAIN SELECT * FROM tenk1 WHERE unique1 &lt; 100;

                             QUERY PLAN
--------------------------------------------------------------------------
 Bitmap Heap Scan on tenk1  (cost=5.07..229.20 rows=101 width=244)
   Recheck Cond: (unique1 &lt; 100)
   -&gt;  Bitmap Index Scan on tenk1_unique1
                                        (cost=0.00..5.01 rows=101 width=0)
         Index Cond: (unique1 &lt; 100)</PRE
><P> В данном случае планировщик решил использовать план из двух этапов: сначала дочерний узел плана просматривает индекс и находит в нём адреса строк, соответствующих условию индекса, а затем верхний узел собственно выбирает эти строки из таблицы. Выбирать строки по отдельности гораздо дороже, чем просто читать их последовательно, но так как читать придётся не все страницы таблицы, это всё равно будет дешевле, чем сканировать всю таблицу. (Использование двух уровней плана объясняется тем, что верхний узел сортирует адреса строк, выбранных из индекса, в физическом порядке, прежде чем читать, чтобы снизить стоимость отдельных чтений. Слово <SPAN
CLASS="QUOTE"
>"bitmap"</SPAN
> (битовая карта) в имени узла обозначает механизм, выполняющий сортировку.)</P
><P
>Теперь давайте добавим ещё одно условие в предложение <TT
CLASS="LITERAL"
>WHERE</TT
>: </P><PRE
CLASS="SCREEN"
>EXPLAIN SELECT * FROM tenk1 WHERE unique1 &lt; 100 AND stringu1 = 'xxx';

                             QUERY PLAN
--------------------------------------------------------------------------
 Bitmap Heap Scan on tenk1  (cost=5.01..229.40 rows=1 width=244)
   Recheck Cond: (unique1 &lt; 100)
   Filter: (stringu1 = 'xxx'::name)
   -&gt;  Bitmap Index Scan on tenk1_unique1
                                        (cost=0.00..5.04 rows=101 width=0)
         Index Cond: (unique1 &lt; 100)</PRE
><P> Добавленное условие <TT
CLASS="LITERAL"
>stringu1 = 'xxx'</TT
> уменьшает оценку числа результирующих строк, но не стоимость запроса, так как просматриваться будет тот же набор строк, что и раньше. Заметьте, что условие на <TT
CLASS="LITERAL"
>stringu1</TT
> не добавляется в качестве условия индекса, так как индекс построен только по колонке <TT
CLASS="LITERAL"
>unique1</TT
>. Вместо этого оно применяется как фильтр к строкам, полученным по индексу. В результате стоимость даже немного увеличилась, отражая добавление этой проверки.</P
><P
>В некоторых случаях планировщик предпочтёт <SPAN
CLASS="QUOTE"
>"простой"</SPAN
> план сканирования индекса: </P><PRE
CLASS="SCREEN"
>EXPLAIN SELECT * FROM tenk1 WHERE unique1 = 42;

                             QUERY PLAN
---------------------------------------------------------------------------
 Index Scan using tenk1_unique1 on tenk1 (cost=0.29..8.30 rows=1 width=244)
   Index Cond: (unique1 = 42)</PRE
><P> В плане такого типа строки таблицы выбираются в порядке индекса, в результате чего чтение их обходится дороже, но так как их немного, дополнительно сортировать положения строк не стоит. Вы часто будете встречать этот тип плана в запросах, которые выбирают всего одну строку. Также он часто задействуется там, где условие <TT
CLASS="LITERAL"
>ORDER BY</TT
> соответствует порядку индекса, так как в этих случаях для выполнения <TT
CLASS="LITERAL"
>ORDER BY</TT
> не требуется дополнительный шаг сортировки.</P
><P
>Если в таблице есть отдельные индексы по разным колонкам, фигурирующим в <TT
CLASS="LITERAL"
>WHERE</TT
>, планировщик может выбрать сочетание этих индексов (с AND и OR): </P><PRE
CLASS="SCREEN"
>EXPLAIN SELECT * FROM tenk1 WHERE unique1 &lt; 100 AND unique2 &gt; 9000;

                                     QUERY PLAN
-------------------------------------------------------------------------------------
 Bitmap Heap Scan on tenk1  (cost=25.08..60.21 rows=10 width=244)
   Recheck Cond: ((unique1 &lt; 100) AND (unique2 &gt; 9000))
   -&gt;  BitmapAnd  (cost=25.08..25.08 rows=10 width=0)
         -&gt;  Bitmap Index Scan on tenk1_unique1  (cost=0.00..5.04 rows=101 width=0)
               Index Cond: (unique1 &lt; 100)
         -&gt;  Bitmap Index Scan on tenk1_unique2  (cost=0.00..19.78 rows=999 width=0)
               Index Cond: (unique2 &gt; 9000)</PRE
><P> Но для этого потребуется обойти оба индекса, так что это не обязательно будет выгоднее, чем просто просмотреть один индекс, а второе условие обработать как фильтр. Измените диапазон и вы увидите, как это повлияет на план.</P
><P
>Следующий пример иллюстрирует эффекты <TT
CLASS="LITERAL"
>LIMIT</TT
>: </P><PRE
CLASS="SCREEN"
>EXPLAIN SELECT * FROM tenk1 WHERE unique1 &lt; 100 AND unique2 &gt; 9000 LIMIT 2;

                                     QUERY PLAN
-------------------------------------------------------------------------------------
 Limit  (cost=0.29..14.48 rows=2 width=244)
   -&gt;  Index Scan using tenk1_unique2 on tenk1  (cost=0.29..71.27 rows=10 width=244)
         Index Cond: (unique2 &gt; 9000)
         Filter: (unique1 &lt; 100)</PRE
><P></P
><P
>Это тот же запрос, что и раньше, но добавили мы в него <TT
CLASS="LITERAL"
>LIMIT</TT
>, чтобы возвращались не все строки, и планировщик решает выполнять запрос по-другому. Заметьте, что общая стоимость и число строк для узла Index Scan рассчитываются в предположении, что он будет выполняться полностью. Однако узел Limit должен остановиться, получив только пятую часть всех строк, так что его стоимость будет составлять одну пятую от вычисленной ранее, и это и будет итоговой оценкой стоимости запроса. С другой стороны, планировщик мог бы просто добавить в предыдущий план узел Limit, но это не избавило бы от затрат на запуск сканирования битовой карты, а значит, общая стоимость была бы выше 25 единиц.</P
><P
>Давайте попробуем соединить две таблицы по колонкам, которые мы уже использовали: </P><PRE
CLASS="SCREEN"
>EXPLAIN SELECT *
FROM tenk1 t1, tenk2 t2
WHERE t1.unique1 &lt; 10 AND t1.unique2 = t2.unique2;

                                      QUERY PLAN
--------------------------------------------------------------------------------------
 Nested Loop  (cost=4.65..118.62 rows=10 width=488)
   -&gt;  Bitmap Heap Scan on tenk1 t1  (cost=4.36..39.47 rows=10 width=244)
         Recheck Cond: (unique1 &lt; 10)
         -&gt;  Bitmap Index Scan on tenk1_unique1  (cost=0.00..4.36 rows=10 width=0)
               Index Cond: (unique1 &lt; 10)
   -&gt;  Index Scan using tenk2_unique2 on tenk2 t2  (cost=0.29..7.91 rows=1 width=244)
         Index Cond: (unique2 = t1.unique2)</PRE
><P></P
><P
>В этом плане появляется узел соединения с вложенным циклом, на вход которому поступают данные от двух его потомков, узлов сканирования. Эту структуру плана отражает отступ основных строк его узлов. Первый, или <SPAN
CLASS="QUOTE"
>"внешний"</SPAN
>, потомок соединения &mdash; узел сканирования битовой карты, похожий на те, что мы видели раньше. Его стоимость и число строк те же, что мы получили бы для запроса <TT
CLASS="LITERAL"
>SELECT ... WHERE unique1 &lt; 10</TT
>, так как к этому узлу добавлено предложение <TT
CLASS="LITERAL"
>WHERE</TT
> <TT
CLASS="LITERAL"
>unique1 &lt; 10</TT
>. Условие <TT
CLASS="LITERAL"
>t1.unique2 = t2.unique2</TT
> ещё не учитывается, поэтому оно не влияет на число строк узла внешнего сканирования. Узел соединения с вложенным циклом будет выполнять узел <SPAN
CLASS="QUOTE"
>"внутреннего"</SPAN
> потомка для каждой строки, полученной из внешнего потомка. Значения колонок из текущей внешней строки могут использоваться во внутреннем сканировании (в данном случае это значение <TT
CLASS="LITERAL"
>t1.unique2</TT
>), поэтому мы получаем план и стоимость примерно такие, как и раньше для простого запроса <TT
CLASS="LITERAL"
>SELECT ... WHERE t2.unique2 = <TT
CLASS="REPLACEABLE"
><I
>константа</I
></TT
></TT
>. (На самом деле оценочная стоимость немного меньше, в предположении, что при неоднократном сканировании индекса по <TT
CLASS="LITERAL"
>t2</TT
> положительную роль сыграет кеширование.) В результате стоимость узла цикла складывается из стоимости внешнего сканирования, цены внутреннего сканирования, умноженной на число строк (здесь 10 * 7.87), и небольшой наценки за обработку соединения.</P
><P
>В этом примере число выходных строк соединения равно произведению чисел строк двух узлов сканирования, но это не всегда будет так, потому что в дополнительных условиях <TT
CLASS="LITERAL"
>WHERE</TT
> могут упоминаться обе таблицы, так что применить их можно будет только в точке соединения, а не в одном из узлов сканирования. Например: </P><PRE
CLASS="SCREEN"
>EXPLAIN SELECT *
FROM tenk1 t1, tenk2 t2
WHERE t1.unique1 &lt; 10 AND t2.unique2 &lt; 10 AND t1.hundred &lt; t2.hundred;

                                         QUERY PLAN
---------------------------------------------------------------------------------------------
 Nested Loop  (cost=4.65..49.46 rows=33 width=488)
   Join Filter: (t1.hundred &lt; t2.hundred)
   -&gt;  Bitmap Heap Scan on tenk1 t1  (cost=4.36..39.47 rows=10 width=244)
         Recheck Cond: (unique1 &lt; 10)
         -&gt;  Bitmap Index Scan on tenk1_unique1  (cost=0.00..4.36 rows=10 width=0)
               Index Cond: (unique1 &lt; 10)
   -&gt;  Materialize  (cost=0.29..8.51 rows=10 width=244)
         -&gt;  Index Scan using tenk2_unique2 on tenk2 t2  (cost=0.29..8.46 rows=10 width=244)
               Index Cond: (unique2 &lt; 10)</PRE
><P> Условие <TT
CLASS="LITERAL"
>t1.hundred &lt; t2.hundred</TT
> не может быть проверено в индексе <TT
CLASS="LITERAL"
>tenk2_unique2</TT
>, поэтому оно применяется в узле соединения. Это уменьшает оценку числа выходных строк, тогда как число строк в узлах сканирования не меняется.</P
><P
>Заметьте, что здесь планировщик решил <SPAN
CLASS="QUOTE"
>"материализовать"</SPAN
> внутреннее отношение соединения, поместив поверх него узел плана Materialize (Материализовать). Это значит, что сканирование индекса <TT
CLASS="LITERAL"
>t2</TT
> будет выполняться только единожды, при том, что узлу вложенного цикла соединения потребуется прочитать данные десять раз, по числу строк во внешнем соединении. Узел Materialize сохраняет считанные данные в памяти, чтобы затем выдать их из памяти на следующих проходах.</P
><P
>Выполняя внешние соединения, вы можете встретить узлы плана с присоединёнными условиями, как обычными <SPAN
CLASS="QUOTE"
>"Filter"</SPAN
>, так и <SPAN
CLASS="QUOTE"
>"Join Filter"</SPAN
> (Фильтр соединения). Условия Join Filter формируются из предложения <TT
CLASS="LITERAL"
>ON</TT
> для внешнего соединения, так что если строка не удовлетворяет условию Join Filter, она всё же выдаётся как строка, дополненная значениями NULL. Обычное же условие Filter применяется после правил внешнего соединения и поэтому полностью исключает строки. Во внутреннем соединении оба этих фильтра работают одинаково.</P
><P
>Если немного изменить избирательность запроса, мы можем получить совсем другой план соединения: </P><PRE
CLASS="SCREEN"
>EXPLAIN SELECT *
FROM tenk1 t1, tenk2 t2
WHERE t1.unique1 &lt; 100 AND t1.unique2 = t2.unique2;

                                        QUERY PLAN
------------------------------------------------------------------------------------------
 Hash Join  (cost=230.47..713.98 rows=101 width=488)
   Hash Cond: (t2.unique2 = t1.unique2)
   -&gt;  Seq Scan on tenk2 t2  (cost=0.00..445.00 rows=10000 width=244)
   -&gt;  Hash  (cost=229.20..229.20 rows=101 width=244)
         -&gt;  Bitmap Heap Scan on tenk1 t1  (cost=5.07..229.20 rows=101 width=244)
               Recheck Cond: (unique1 &lt; 100)
               -&gt;  Bitmap Index Scan on tenk1_unique1  (cost=0.00..5.04 rows=101 width=0)
                     Index Cond: (unique1 &lt; 100)</PRE
><P></P
><P
>Здесь планировщик выбирает соединение по хешу, при котором строки одной таблицы записываются в хеш-таблицу в памяти, после чего сканируется другая таблица и для каждой её строки проверяется соответствие по хеш-таблице. Обратите внимание, что и здесь отступы отражают структуру плана: результат сканирования битовой карты по <TT
CLASS="LITERAL"
>tenk1</TT
> подаётся на вход узлу Hash, который конструирует хеш-таблицу. Затем она передаётся узлу Hash Join, который читает строки из узла внешнего потомка и проверяет их по этой хеш-таблице.</P
><P
>Ещё один возможный тип соединения &mdash; соединение слиянием: </P><PRE
CLASS="SCREEN"
>EXPLAIN SELECT *
FROM tenk1 t1, onek t2
WHERE t1.unique1 &lt; 100 AND t1.unique2 = t2.unique2;

                                        QUERY PLAN
------------------------------------------------------------------------------------------
 Merge Join  (cost=198.11..268.19 rows=10 width=488)
   Merge Cond: (t1.unique2 = t2.unique2)
   -&gt;  Index Scan using tenk1_unique2 on tenk1 t1  (cost=0.29..656.28 rows=101 width=244)
         Filter: (unique1 &lt; 100)
   -&gt;  Sort  (cost=197.83..200.33 rows=1000 width=244)
         Sort Key: t2.unique2
         -&gt;  Seq Scan on onek t2  (cost=0.00..148.00 rows=1000 width=244)</PRE
><P></P
><P
>Соединение слиянием требует, чтобы входные данные для него были отсортированы по ключам соединения. В этом плане данные <TT
CLASS="LITERAL"
>tenk1</TT
> сортируются после сканирования индекса, при котором все строки просматриваются в правильном порядке, но таблицу <TT
CLASS="LITERAL"
>onek</TT
> выгоднее оказывается последовательно просканировать и отсортировать, так как в этой таблице нужно обработать гораздо больше строк. (Последовательное сканирование и сортировка часто бывает быстрее сканирования индекса, когда нужно отсортировать много строк, так как при сканировании по индексу обращения к диску не упорядочены.)</P
><P
>Один из способов посмотреть различные планы &mdash; принудить планировщик не считать выбранную им стратегию самой выгодной, используя флаги, описанные в <A
HREF="runtime-config-query.html#RUNTIME-CONFIG-QUERY-ENABLE"
>Подразделе 18.7.1</A
>. (Это полезный, хотя и грубый инструмент. См. также <A
HREF="explicit-joins.html"
>Раздел 14.3</A
>.) Например, если мы убеждены, что последовательное сканирование и сортировка &mdash; не лучший способ обработать таблицу <TT
CLASS="LITERAL"
>onek</TT
> в предыдущем примере, мы можем попробовать </P><PRE
CLASS="SCREEN"
>SET enable_sort = off;

EXPLAIN SELECT *
FROM tenk1 t1, onek t2
WHERE t1.unique1 &lt; 100 AND t1.unique2 = t2.unique2;

                                        QUERY PLAN
------------------------------------------------------------------------------------------
 Merge Join  (cost=0.56..292.65 rows=10 width=488)
   Merge Cond: (t1.unique2 = t2.unique2)
   -&gt;  Index Scan using tenk1_unique2 on tenk1 t1  (cost=0.29..656.28 rows=101 width=244)
         Filter: (unique1 &lt; 100)
   -&gt;  Index Scan using onek_unique2 on onek t2  (cost=0.28..224.79 rows=1000 width=244)</PRE
><P> Видно, что планировщик считает сортировку <TT
CLASS="LITERAL"
>onek</TT
> со сканированием индекса примерно на 12% дороже, чем последовательное сканирование и сортировку. Конечно, может возникнуть вопрос &mdash; а правильно ли это? Мы можем ответить на него, используя описанную ниже команду <TT
CLASS="COMMAND"
>EXPLAIN ANALYZE</TT
>.</P
></DIV
><DIV
CLASS="SECT2"
><H2
CLASS="SECT2"
><A
NAME="USING-EXPLAIN-ANALYZE"
>14.1.2. <TT
CLASS="COMMAND"
>EXPLAIN ANALYZE</TT
></A
></H2
><P
>Точность оценок планировщика можно проверить, используя команду <TT
CLASS="COMMAND"
>EXPLAIN</TT
> с параметром <TT
CLASS="LITERAL"
>ANALYZE</TT
>. С этим параметром <TT
CLASS="COMMAND"
>EXPLAIN</TT
> на самом деле выполняет запрос, а затем выводит фактическое число строк и время выполнения, накопленное в каждом узле плана, вместе с теми же оценками, что выдаёт обычная команда <TT
CLASS="COMMAND"
>EXPLAIN</TT
>. Например, мы можем получить примерно такой результат: </P><PRE
CLASS="SCREEN"
>EXPLAIN ANALYZE SELECT *
FROM tenk1 t1, tenk2 t2
WHERE t1.unique1 &lt; 10 AND t1.unique2 = t2.unique2;

                                                           QUERY PLAN
---------------------------------------------------------------------------------------------------------------------------------
 Nested Loop  (cost=4.65..118.62 rows=10 width=488) (actual time=0.128..0.377 rows=10 loops=1)
   -&gt;  Bitmap Heap Scan on tenk1 t1  (cost=4.36..39.47 rows=10 width=244) (actual time=0.057..0.121 rows=10 loops=1)
         Recheck Cond: (unique1 &lt; 10)
         -&gt;  Bitmap Index Scan on tenk1_unique1  (cost=0.00..4.36 rows=10 width=0) (actual time=0.024..0.024 rows=10 loops=1)
               Index Cond: (unique1 &lt; 10)
   -&gt;  Index Scan using tenk2_unique2 on tenk2 t2  (cost=0.29..7.91 rows=1 width=244) (actual time=0.021..0.022 rows=1 loops=10)
         Index Cond: (unique2 = t1.unique2)
 Planning time: 0.181 ms
 Execution time: 0.501 ms</PRE
><P> Заметьте, что значения <SPAN
CLASS="QUOTE"
>"actual time"</SPAN
> (фактическое время) приводятся в миллисекундах, тогда как оценки <TT
CLASS="LITERAL"
>cost</TT
> (стоимость) выражаются в произвольных единицах, так что они вряд ли совпадут. Обычно важнее определить, насколько приблизительная оценка числа строк близка к действительности. В этом примере они в точности совпали, но на практике так бывает редко.</P
><P
>В некоторых планах запросов некоторый внутренний узел может выполняться неоднократно. Например, внутреннее сканирование индекса будет выполняться для каждой внешней строки во вложенном цикле верхнего уровня. В таких случаях значение <TT
CLASS="LITERAL"
>loops</TT
> (циклы) показывает, сколько всего раз выполнялся этот узел, а фактическое время и число строк вычисляется как среднее по всем итерациям. Это делается для того, чтобы полученные значения можно было сравнить с выводимыми приблизительными оценками. Чтобы получить общее время, затраченное на выполнение узла, время одной итерации нужно умножить на значение <TT
CLASS="LITERAL"
>loops</TT
>. В показанном выше примере мы потратили в общей сложности 0.220 мс на сканирование индекса в <TT
CLASS="LITERAL"
>tenk2</TT
>.</P
><P
>В ряде случаев <TT
CLASS="COMMAND"
>EXPLAIN ANALYZE</TT
> выводит дополнительную статистику по выполнению, включающую не только время выполнения узлов и число строк. Для узлов Sort и Hash, например выводится следующая информация: </P><PRE
CLASS="SCREEN"
>EXPLAIN ANALYZE SELECT *
FROM tenk1 t1, tenk2 t2
WHERE t1.unique1 &lt; 100 AND t1.unique2 = t2.unique2 ORDER BY t1.fivethous;

                                                                 QUERY PLAN
--------------------------------------------------------------------------------------------------------------------------------------------
 Sort  (cost=717.34..717.59 rows=101 width=488) (actual time=7.761..7.774 rows=100 loops=1)
   Sort Key: t1.fivethous
   Sort Method: quicksort  Memory: 77kB
   -&gt;  Hash Join  (cost=230.47..713.98 rows=101 width=488) (actual time=0.711..7.427 rows=100 loops=1)
         Hash Cond: (t2.unique2 = t1.unique2)
         -&gt;  Seq Scan on tenk2 t2  (cost=0.00..445.00 rows=10000 width=244) (actual time=0.007..2.583 rows=10000 loops=1)
         -&gt;  Hash  (cost=229.20..229.20 rows=101 width=244) (actual time=0.659..0.659 rows=100 loops=1)
               Buckets: 1024  Batches: 1  Memory Usage: 28kB
               -&gt;  Bitmap Heap Scan on tenk1 t1  (cost=5.07..229.20 rows=101 width=244) (actual time=0.080..0.526 rows=100 loops=1)
                     Recheck Cond: (unique1 &lt; 100)
                     -&gt;  Bitmap Index Scan on tenk1_unique1  (cost=0.00..5.04 rows=101 width=0) (actual time=0.049..0.049 rows=100 loops=1)
                           Index Cond: (unique1 &lt; 100)
 Planning time: 0.194 ms
 Execution time: 8.008 ms</PRE
><P> Для узла Sort показывается использованный метод и место сортировки (в памяти или на диске), а также задействованный объём памяти. Для узла Hash выводится число групп и пакетов хеша, а также максимальный объём, который заняла в памяти хеш-таблица. (Если число пакетов больше одного, часть хеш-таблицы будет выгружаться на диск и занимать какое-то пространство, но его объём здесь не показывается.)</P
><P
>Другая полезная дополнительная информация &mdash; число строк, удалённых условием фильтра: </P><PRE
CLASS="SCREEN"
>EXPLAIN ANALYZE SELECT * FROM tenk1 WHERE ten &lt; 7;

                                               QUERY PLAN
---------------------------------------------------------------------------------------------------------
 Seq Scan on tenk1  (cost=0.00..483.00 rows=7000 width=244) (actual time=0.016..5.107 rows=7000 loops=1)
   Filter: (ten &lt; 7)
   Rows Removed by Filter: 3000
 Planning time: 0.083 ms
 Execution time: 5.905 ms</PRE
><P> Эти значения могут быть особенно ценны для условий фильтра, применённых к узлам соединения. Строка <SPAN
CLASS="QUOTE"
>"Rows Removed"</SPAN
> выводится, только когда условие фильтра отбрасывает минимум одну просканированную строку или потенциальную пару соединения, если это узел соединения.</P
><P
>Похожую ситуацию можно наблюдать при сканировании <SPAN
CLASS="QUOTE"
>"неточного"</SPAN
> индекса. Например, рассмотрим этот план поиска многоугольников, содержащих указанную точку: </P><PRE
CLASS="SCREEN"
>EXPLAIN ANALYZE SELECT * FROM polygon_tbl WHERE f1 @&gt; polygon '(0.5,2.0)';

                                              QUERY PLAN
------------------------------------------------------------------------------------------------------
 Seq Scan on polygon_tbl  (cost=0.00..1.05 rows=1 width=32) (actual time=0.044..0.044 rows=0 loops=1)
   Filter: (f1 @&gt; '((0.5,2))'::polygon)
   Rows Removed by Filter: 4
 Planning time: 0.040 ms
 Execution time: 0.083 ms</PRE
><P> Планировщик полагает (и вполне справедливо), что таблица слишком мала для сканирования по индексу, поэтому он выбирает последовательное сканирование, при котором все строки отбрасываются условием фильтра. Но если мы принудим его выбрать сканирование по индексу, мы получим: </P><PRE
CLASS="SCREEN"
>SET enable_seqscan TO off;

EXPLAIN ANALYZE SELECT * FROM polygon_tbl WHERE f1 @&gt; polygon '(0.5,2.0)';

                                                        QUERY PLAN
--------------------------------------------------------------------------------------------------------------------------
 Index Scan using gpolygonind on polygon_tbl  (cost=0.13..8.15 rows=1 width=32) (actual time=0.062..0.062 rows=0 loops=1)
   Index Cond: (f1 @&gt; '((0.5,2))'::polygon)
   Rows Removed by Index Recheck: 1
 Planning time: 0.034 ms
 Execution time: 0.144 ms</PRE
><P> Здесь мы видим, что индекс вернул одну потенциально подходящую строку, но затем она была отброшена при перепроверке условия индекса. Это объясняется тем, что индекс GiST является <SPAN
CLASS="QUOTE"
>"неточным"</SPAN
> для проверок включений многоугольников: фактически он возвращает строки с многоугольниками, перекрывающими точку по координатам, а затем для этих строк нужно выполнять точную проверку.</P
><P
><TT
CLASS="COMMAND"
>EXPLAIN</TT
> принимает параметр <TT
CLASS="LITERAL"
>BUFFERS</TT
> (который также можно применять с <TT
CLASS="LITERAL"
>ANALYZE</TT
>), включающий ещё более подробную статистику выполнения запроса: </P><PRE
CLASS="SCREEN"
>EXPLAIN (ANALYZE, BUFFERS) SELECT * FROM tenk1 WHERE unique1 &lt; 100 AND unique2 &gt; 9000;

                                                           QUERY PLAN
---------------------------------------------------------------------------------------------------------------------------------
 Bitmap Heap Scan on tenk1  (cost=25.08..60.21 rows=10 width=244) (actual time=0.323..0.342 rows=10 loops=1)
   Recheck Cond: ((unique1 &lt; 100) AND (unique2 &gt; 9000))
   Buffers: shared hit=15
   -&gt;  BitmapAnd  (cost=25.08..25.08 rows=10 width=0) (actual time=0.309..0.309 rows=0 loops=1)
         Buffers: shared hit=7
         -&gt;  Bitmap Index Scan on tenk1_unique1  (cost=0.00..5.04 rows=101 width=0) (actual time=0.043..0.043 rows=100 loops=1)
               Index Cond: (unique1 &lt; 100)
               Buffers: shared hit=2
         -&gt;  Bitmap Index Scan on tenk1_unique2  (cost=0.00..19.78 rows=999 width=0) (actual time=0.227..0.227 rows=999 loops=1)
               Index Cond: (unique2 &gt; 9000)
               Buffers: shared hit=5
 Planning time: 0.088 ms
 Execution time: 0.423 ms</PRE
><P> Значения, которые выводятся с параметром <TT
CLASS="LITERAL"
>BUFFERS</TT
>, помогают понять, на какие части запроса приходится большинство операций ввода-вывода.</P
><P
>Не забывайте, что <TT
CLASS="COMMAND"
>EXPLAIN ANALYZE</TT
> действительно выполняет запрос, хотя его результаты могут не показываться, а заменяться выводом команды <TT
CLASS="COMMAND"
>EXPLAIN</TT
>. Поэтому при таком анализе возможны побочные эффекты. Если вы хотите проанализировать запрос, изменяющий данные, но при этом сохранить прежние данные таблицы, вы можете откатить транзакцию после запроса: </P><PRE
CLASS="SCREEN"
>BEGIN;

EXPLAIN ANALYZE UPDATE tenk1 SET hundred = hundred + 1 WHERE unique1 &lt; 100;

                                                           QUERY PLAN
--------------------------------------------------------------------------------------------------------------------------------
 Update on tenk1  (cost=5.07..229.46 rows=101 width=250) (actual time=14.628..14.628 rows=0 loops=1)
   -&gt;  Bitmap Heap Scan on tenk1  (cost=5.07..229.46 rows=101 width=250) (actual time=0.101..0.439 rows=100 loops=1)
         Recheck Cond: (unique1 &lt; 100)
         -&gt;  Bitmap Index Scan on tenk1_unique1  (cost=0.00..5.04 rows=101 width=0) (actual time=0.043..0.043 rows=100 loops=1)
               Index Cond: (unique1 &lt; 100)
 Planning time: 0.079 ms
 Execution time: 14.727 ms

ROLLBACK;</PRE
><P></P
><P
>Как показано в этом примере, когда выполняется команда <TT
CLASS="COMMAND"
>INSERT</TT
>, <TT
CLASS="COMMAND"
>UPDATE</TT
> или <TT
CLASS="COMMAND"
>DELETE</TT
>, собственно изменение данных в таблице происходит в узле верхнего уровня Insert, Update или Delete. Узлы плана более низких уровней выполняют работу по нахождению старых строк и/или вычислению новых данных. Поэтому вверху мы видим тот же тип сканирования битовой карты, что и раньше, только теперь его вывод подаётся узлу Update, который сохраняет изменённые строки. Стоит отметить, что узел, изменяющий данные, может выполняться значительное время (в данном случае это составляет львиную часть всего времени), но планировщик не учитывает эту работу в оценке общей стоимости. Это связано с тем, что эта работа будет одинаковой при любом правильном плане запроса, и поэтому на выбор плана она не влияет.</P
><P
>Под заголовком <TT
CLASS="LITERAL"
>Planning time</TT
> (Время планирования) команда <TT
CLASS="COMMAND"
>EXPLAIN ANALYZE</TT
> выводит время, затраченное на построение плана запроса из разобранного запроса и его оптимизацию. Время собственно разбора или перезаписи запроса в него не включается.</P
><P
>Значение <TT
CLASS="LITERAL"
>Execution time</TT
> (Время выполнения), выводимое командой <TT
CLASS="COMMAND"
>EXPLAIN ANALYZE</TT
>, включает продолжительность запуска и остановки исполнителя запроса, а также время выполнения всех сработавших триггеров, но не включает время разбора, перезаписи и планирования запроса. Время, потраченное на выполнение триггеров <TT
CLASS="LITERAL"
>BEFORE</TT
> (если такие имеются) включается во время соответствующих узлов Insert, Update или Delete node; но время выполнения триггеров <TT
CLASS="LITERAL"
>AFTER</TT
> не учитывается, так как триггеры <TT
CLASS="LITERAL"
>AFTER</TT
> срабатывают после выполнения всего плана. Общее время, проведённое в каждом триггере (<TT
CLASS="LITERAL"
>BEFORE</TT
> или <TT
CLASS="LITERAL"
>AFTER</TT
>), также выводится отдельно. Заметьте, что триггеры отложенных ограничений выполняются только в конце транзакции, так что время их выполнения <TT
CLASS="COMMAND"
>EXPLAIN ANALYZE</TT
> не учитывает.</P
></DIV
><DIV
CLASS="SECT2"
><H2
CLASS="SECT2"
><A
NAME="USING-EXPLAIN-CAVEATS"
>14.1.3. Ограничения</A
></H2
><P
>Время выполнения, измеренное командой <TT
CLASS="COMMAND"
>EXPLAIN ANALYZE</TT
>, может значительно отличаться от времени выполнения того же запроса в обычном режиме. Тому есть две основных причины. Во-первых, так как при анализе никакие строки результата не передаются клиенту, время ввода/вывода и передачи по сети не учитывается. Во-вторых, может быть существенной дополнительная нагрузка, связанная с функциями измерений <TT
CLASS="COMMAND"
>EXPLAIN ANALYZE</TT
>, особенно в системах, где вызов <CODE
CLASS="FUNCTION"
>gettimeofday()</CODE
> выполняется медленно. Для измерения этой нагрузки вы можете воспользоваться утилитой <A
HREF="pgtesttiming.html"
>              <SPAN
CLASS="APPLICATION"
>pg_test_timing</SPAN
>
            </A
>.</P
><P
>Результаты <TT
CLASS="COMMAND"
>EXPLAIN</TT
> не следует распространять на ситуации, значительно отличающиеся от тех, в которых вы проводите тестирование. В частности, не следует полагать, что выводы, полученные для игрушечной таблицы, будут применимы и для настоящих больших таблиц. Оценки стоимости нелинейны и планировщик может выбирать разные планы в зависимости от размера таблицы. Например, в крайнем случае вся таблица может уместиться в одну страницу диска, и тогда вы почти наверняка получите план последовательного сканирования, независимо от того, есть у неё и индексы или нет. Планировщик понимает, что для обработки таблицы ему в любом случае потребуется прочитать одну страницу, так что нет никакого смысла обращаться к ещё одной странице за индексом. (Мы наблюдали это в показанном выше примере с <TT
CLASS="LITERAL"
>polygon_tbl</TT
>.)</P
><P
>Бывает, что фактическое и приближённо оценённое значения не совпадают, но в этом нет ничего плохого. Например, это возможно, когда выполнение плана узла прекращается преждевременно из-за указания <TT
CLASS="LITERAL"
>LIMIT</TT
> или подобного эффекта. Например, для запроса с <TT
CLASS="LITERAL"
>LIMIT</TT
>, который мы пробовали раньше: </P><PRE
CLASS="SCREEN"
>EXPLAIN ANALYZE SELECT * FROM tenk1 WHERE unique1 &lt; 100 AND unique2 &gt; 9000 LIMIT 2;

                                                          QUERY PLAN
-------------------------------------------------------------------------------------------------------------------------------
 Limit  (cost=0.29..14.71 rows=2 width=244) (actual time=0.177..0.249 rows=2 loops=1)
   -&gt;  Index Scan using tenk1_unique2 on tenk1  (cost=0.29..72.42 rows=10 width=244) (actual time=0.174..0.244 rows=2 loops=1)
         Index Cond: (unique2 &gt; 9000)
         Filter: (unique1 &lt; 100)
         Rows Removed by Filter: 287
 Planning time: 0.096 ms
 Execution time: 0.336 ms</PRE
><P> Оценки стоимости и числа строк для узла Index Scan показываются в предположении, что этот узел будет выполняться до конца. Но в действительности узел Limit прекратил запрашивать строки, как только получил первые две, так что фактическое число строк равно 2 и время выполнения запроса будет меньше, чем рассчитал планировщик. Но это не ошибка, а просто следствие того, что оценённые и фактические значения выводятся по-разному.</P
><P
>Соединения слиянием также имеют свои особенности, которые могут ввести в заблуждение. Соединение слиянием прекратит читать один источник данных, если второй будет прочитан до конца, а следующее значение ключа в первом больше последнего значения во втором. В этом случае пар строк больше не будет, так что сканировать первый источник дальше нет смысла. В результате будут прочитаны не все строки одного потомка и вы получите тот же эффект, что и с <TT
CLASS="LITERAL"
>LIMIT</TT
>. Кроме того, если внешний (первый) потомок содержит строки с повторяющимися значениями ключа, внутренний (второй) потомок сдвинется назад и повторно выдаст строки для этого значения ключа. <TT
CLASS="COMMAND"
>EXPLAIN ANALYZE</TT
> считает эти повторяющиеся строки, как если бы это действительно были дополнительные строки внутреннего источника. Когда во внешнем узле много таких повторений ключей, фактическое число строк, подсчитанное для внутреннего узла, может значительно превышать число строк в соответствующей таблице.</P
><P
>Для узлов BitmapAnd (Логическое произведение битовых карт) и BitmapOr (Логическое сложение битовых карт) фактическое число строк всегда равно 0 из-за ограничений реализации.</P
></DIV
></DIV
><DIV
CLASS="NAVFOOTER"
><HR
ALIGN="LEFT"
WIDTH="100%"><TABLE
SUMMARY="Footer navigation table"
WIDTH="100%"
BORDER="0"
CELLPADDING="0"
CELLSPACING="0"
><TR
><TD
WIDTH="33%"
ALIGN="left"
VALIGN="top"
><A
HREF="performance-tips.html"
ACCESSKEY="P"
>Пред.</A
></TD
><TD
WIDTH="34%"
ALIGN="center"
VALIGN="top"
><A
HREF="index.html"
ACCESSKEY="H"
>Начало</A
></TD
><TD
WIDTH="33%"
ALIGN="right"
VALIGN="top"
><A
HREF="planner-stats.html"
ACCESSKEY="N"
>След.</A
></TD
></TR
><TR
><TD
WIDTH="33%"
ALIGN="left"
VALIGN="top"
>Оптимизация производительности</TD
><TD
WIDTH="34%"
ALIGN="center"
VALIGN="top"
><A
HREF="performance-tips.html"
ACCESSKEY="U"
>Уровень выше</A
></TD
><TD
WIDTH="33%"
ALIGN="right"
VALIGN="top"
>Статистика, используемая планировщиком</TD
></TR
></TABLE
></DIV
></BODY
></HTML
>